<?xml version="1.0" encoding="UTF-8"?>
<testsuite xmlns:xsi="http://www.w3.org/2001/XMLSchema-instance" xsi:noNamespaceSchemaLocation="https://maven.apache.org/surefire/maven-surefire-plugin/xsd/surefire-test-report-3.0.xsd" version="3.0" name="com.janeirodigital.sai.httputils.HttpUtilsTests" time="2.59" tests="31" errors="0" skipped="0" failures="0">
  <properties>
    <property name="gopherProxySet" value="false"/>
    <property name="awt.toolkit" value="sun.lwawt.macosx.LWCToolkit"/>
    <property name="java.specification.version" value="11"/>
    <property name="sun.cpu.isalist" value=""/>
    <property name="sun.jnu.encoding" value="UTF-8"/>
    <property name="java.class.path" value="/Users/justin/Development/interoperability/sai-http-utils-java/target/test-classes:/Users/justin/Development/interoperability/sai-http-utils-java/target/classes:/Users/justin/.m2/repository/org/slf4j/slf4j-api/1.7.33/slf4j-api-1.7.33.jar:/Users/justin/.m2/repository/org/projectlombok/lombok/1.18.22/lombok-1.18.22.jar:/Users/justin/.m2/repository/com/squareup/okhttp3/okhttp/4.9.3/okhttp-4.9.3.jar:/Users/justin/.m2/repository/com/squareup/okio/okio/2.8.0/okio-2.8.0.jar:/Users/justin/.m2/repository/org/jetbrains/kotlin/kotlin-stdlib-common/1.4.0/kotlin-stdlib-common-1.4.0.jar:/Users/justin/.m2/repository/org/jetbrains/kotlin/kotlin-stdlib/1.4.10/kotlin-stdlib-1.4.10.jar:/Users/justin/.m2/repository/org/jetbrains/annotations/13.0/annotations-13.0.jar:/Users/justin/.m2/repository/com/janeirodigital/sai-rdf-utils-java/0.9.0-SNAPSHOT/sai-rdf-utils-java-0.9.0-SNAPSHOT.jar:/Users/justin/.m2/repository/org/apache/jena/jena-shacl/4.4.0/jena-shacl-4.4.0.jar:/Users/justin/.m2/repository/org/apache/jena/jena-arq/4.4.0/jena-arq-4.4.0.jar:/Users/justin/.m2/repository/org/apache/jena/jena-core/4.4.0/jena-core-4.4.0.jar:/Users/justin/.m2/repository/org/apache/jena/jena-base/4.4.0/jena-base-4.4.0.jar:/Users/justin/.m2/repository/org/apache/jena/jena-shaded-guava/4.4.0/jena-shaded-guava-4.4.0.jar:/Users/justin/.m2/repository/org/apache/commons/commons-csv/1.9.0/commons-csv-1.9.0.jar:/Users/justin/.m2/repository/commons-codec/commons-codec/1.15/commons-codec-1.15.jar:/Users/justin/.m2/repository/org/apache/commons/commons-compress/1.21/commons-compress-1.21.jar:/Users/justin/.m2/repository/com/github/andrewoma/dexx/collection/0.7/collection-0.7.jar:/Users/justin/.m2/repository/org/apache/jena/jena-iri/4.4.0/jena-iri-4.4.0.jar:/Users/justin/.m2/repository/commons-cli/commons-cli/1.5.0/commons-cli-1.5.0.jar:/Users/justin/.m2/repository/com/github/jsonld-java/jsonld-java/0.13.4/jsonld-java-0.13.4.jar:/Users/justin/.m2/repository/commons-io/commons-io/2.8.0/commons-io-2.8.0.jar:/Users/justin/.m2/repository/org/apache/httpcomponents/httpclient-cache/4.5.13/httpclient-cache-4.5.13.jar:/Users/justin/.m2/repository/org/apache/httpcomponents/httpclient/4.5.13/httpclient-4.5.13.jar:/Users/justin/.m2/repository/org/apache/httpcomponents/httpcore/4.4.13/httpcore-4.4.13.jar:/Users/justin/.m2/repository/org/slf4j/jcl-over-slf4j/1.7.35/jcl-over-slf4j-1.7.35.jar:/Users/justin/.m2/repository/com/fasterxml/jackson/core/jackson-core/2.13.1/jackson-core-2.13.1.jar:/Users/justin/.m2/repository/com/fasterxml/jackson/core/jackson-databind/2.13.1/jackson-databind-2.13.1.jar:/Users/justin/.m2/repository/com/fasterxml/jackson/core/jackson-annotations/2.13.1/jackson-annotations-2.13.1.jar:/Users/justin/.m2/repository/com/apicatalog/titanium-json-ld/1.2.0/titanium-json-ld-1.2.0.jar:/Users/justin/.m2/repository/org/glassfish/jakarta.json/2.0.1/jakarta.json-2.0.1.jar:/Users/justin/.m2/repository/com/google/protobuf/protobuf-java/3.19.3/protobuf-java-3.19.3.jar:/Users/justin/.m2/repository/org/apache/thrift/libthrift/0.15.0/libthrift-0.15.0.jar:/Users/justin/.m2/repository/javax/annotation/javax.annotation-api/1.3.2/javax.annotation-api-1.3.2.jar:/Users/justin/.m2/repository/org/apache/jena/jena-shex/4.4.0/jena-shex-4.4.0.jar:/Users/justin/.m2/repository/org/apache/jena/jena-tdb/4.4.0/jena-tdb-4.4.0.jar:/Users/justin/.m2/repository/org/apache/jena/jena-tdb2/4.4.0/jena-tdb2-4.4.0.jar:/Users/justin/.m2/repository/org/apache/jena/jena-dboe-storage/4.4.0/jena-dboe-storage-4.4.0.jar:/Users/justin/.m2/repository/org/apache/jena/jena-dboe-trans-data/4.4.0/jena-dboe-trans-data-4.4.0.jar:/Users/justin/.m2/repository/org/apache/jena/jena-dboe-transaction/4.4.0/jena-dboe-transaction-4.4.0.jar:/Users/justin/.m2/repository/org/apache/jena/jena-dboe-base/4.4.0/jena-dboe-base-4.4.0.jar:/Users/justin/.m2/repository/org/apache/jena/jena-dboe-index/4.4.0/jena-dboe-index-4.4.0.jar:/Users/justin/.m2/repository/org/apache/jena/jena-rdfconnection/4.4.0/jena-rdfconnection-4.4.0.jar:/Users/justin/.m2/repository/org/slf4j/slf4j-log4j12/1.7.33/slf4j-log4j12-1.7.33.jar:/Users/justin/.m2/repository/log4j/log4j/1.2.17/log4j-1.2.17.jar:/Users/justin/.m2/repository/org/junit/jupiter/junit-jupiter/5.8.2/junit-jupiter-5.8.2.jar:/Users/justin/.m2/repository/org/junit/jupiter/junit-jupiter-params/5.8.2/junit-jupiter-params-5.8.2.jar:/Users/justin/.m2/repository/org/junit/jupiter/junit-jupiter-engine/5.8.2/junit-jupiter-engine-5.8.2.jar:/Users/justin/.m2/repository/org/junit/platform/junit-platform-engine/1.8.2/junit-platform-engine-1.8.2.jar:/Users/justin/.m2/repository/org/junit/jupiter/junit-jupiter-api/5.8.2/junit-jupiter-api-5.8.2.jar:/Users/justin/.m2/repository/org/opentest4j/opentest4j/1.2.0/opentest4j-1.2.0.jar:/Users/justin/.m2/repository/org/junit/platform/junit-platform-commons/1.8.2/junit-platform-commons-1.8.2.jar:/Users/justin/.m2/repository/org/apiguardian/apiguardian-api/1.1.2/apiguardian-api-1.1.2.jar:/Users/justin/.m2/repository/org/mockito/mockito-inline/4.3.1/mockito-inline-4.3.1.jar:/Users/justin/.m2/repository/org/mockito/mockito-core/4.3.1/mockito-core-4.3.1.jar:/Users/justin/.m2/repository/net/bytebuddy/byte-buddy/1.12.7/byte-buddy-1.12.7.jar:/Users/justin/.m2/repository/net/bytebuddy/byte-buddy-agent/1.12.7/byte-buddy-agent-1.12.7.jar:/Users/justin/.m2/repository/org/objenesis/objenesis/3.2/objenesis-3.2.jar:/Users/justin/.m2/repository/org/mockito/mockito-junit-jupiter/4.3.1/mockito-junit-jupiter-4.3.1.jar:/Users/justin/.m2/repository/com/janeirodigital/mockwebserverplus-ext/0.9.0-SNAPSHOT/mockwebserverplus-ext-0.9.0-SNAPSHOT.jar:/Users/justin/.m2/repository/com/squareup/okhttp3/mockwebserver/4.9.3/mockwebserver-4.9.3.jar:/Users/justin/.m2/repository/junit/junit/4.13/junit-4.13.jar:/Users/justin/.m2/repository/org/hamcrest/hamcrest-core/1.3/hamcrest-core-1.3.jar:/Users/justin/.m2/repository/org/jetbrains/kotlin/kotlin-stdlib-jdk8/1.4.10/kotlin-stdlib-jdk8-1.4.10.jar:/Users/justin/.m2/repository/org/jetbrains/kotlin/kotlin-stdlib-jdk7/1.4.10/kotlin-stdlib-jdk7-1.4.10.jar:/Users/justin/.m2/repository/org/yaml/snakeyaml/1.30/snakeyaml-1.30.jar:/Users/justin/.m2/repository/org/apache/commons/commons-text/1.9/commons-text-1.9.jar:/Users/justin/.m2/repository/org/apache/commons/commons-lang3/3.11/commons-lang3-3.11.jar:"/>
    <property name="java.vm.vendor" value="Amazon.com Inc."/>
    <property name="sun.arch.data.model" value="64"/>
    <property name="java.vendor.url" value="https://aws.amazon.com/corretto/"/>
    <property name="user.timezone" value="America/New_York"/>
    <property name="java.vm.specification.version" value="11"/>
    <property name="os.name" value="Mac OS X"/>
    <property name="sun.java.launcher" value="SUN_STANDARD"/>
    <property name="user.country" value="US"/>
    <property name="sun.boot.library.path" value="/Library/Java/JavaVirtualMachines/amazon-corretto-11.jdk/Contents/Home/lib"/>
    <property name="sun.java.command" value="/Users/justin/Development/interoperability/sai-http-utils-java/target/surefire/surefirebooter16868260210302165794.jar /Users/justin/Development/interoperability/sai-http-utils-java/target/surefire 2022-03-25T23-21-16_471-jvmRun1 surefire7659917753659343626tmp surefire_01455038712174810011tmp"/>
    <property name="http.nonProxyHosts" value="local|*.local|169.254/16|*.169.254/16"/>
    <property name="jdk.debug" value="release"/>
    <property name="surefire.test.class.path" value="/Users/justin/Development/interoperability/sai-http-utils-java/target/test-classes:/Users/justin/Development/interoperability/sai-http-utils-java/target/classes:/Users/justin/.m2/repository/org/slf4j/slf4j-api/1.7.33/slf4j-api-1.7.33.jar:/Users/justin/.m2/repository/org/projectlombok/lombok/1.18.22/lombok-1.18.22.jar:/Users/justin/.m2/repository/com/squareup/okhttp3/okhttp/4.9.3/okhttp-4.9.3.jar:/Users/justin/.m2/repository/com/squareup/okio/okio/2.8.0/okio-2.8.0.jar:/Users/justin/.m2/repository/org/jetbrains/kotlin/kotlin-stdlib-common/1.4.0/kotlin-stdlib-common-1.4.0.jar:/Users/justin/.m2/repository/org/jetbrains/kotlin/kotlin-stdlib/1.4.10/kotlin-stdlib-1.4.10.jar:/Users/justin/.m2/repository/org/jetbrains/annotations/13.0/annotations-13.0.jar:/Users/justin/.m2/repository/com/janeirodigital/sai-rdf-utils-java/0.9.0-SNAPSHOT/sai-rdf-utils-java-0.9.0-SNAPSHOT.jar:/Users/justin/.m2/repository/org/apache/jena/jena-shacl/4.4.0/jena-shacl-4.4.0.jar:/Users/justin/.m2/repository/org/apache/jena/jena-arq/4.4.0/jena-arq-4.4.0.jar:/Users/justin/.m2/repository/org/apache/jena/jena-core/4.4.0/jena-core-4.4.0.jar:/Users/justin/.m2/repository/org/apache/jena/jena-base/4.4.0/jena-base-4.4.0.jar:/Users/justin/.m2/repository/org/apache/jena/jena-shaded-guava/4.4.0/jena-shaded-guava-4.4.0.jar:/Users/justin/.m2/repository/org/apache/commons/commons-csv/1.9.0/commons-csv-1.9.0.jar:/Users/justin/.m2/repository/commons-codec/commons-codec/1.15/commons-codec-1.15.jar:/Users/justin/.m2/repository/org/apache/commons/commons-compress/1.21/commons-compress-1.21.jar:/Users/justin/.m2/repository/com/github/andrewoma/dexx/collection/0.7/collection-0.7.jar:/Users/justin/.m2/repository/org/apache/jena/jena-iri/4.4.0/jena-iri-4.4.0.jar:/Users/justin/.m2/repository/commons-cli/commons-cli/1.5.0/commons-cli-1.5.0.jar:/Users/justin/.m2/repository/com/github/jsonld-java/jsonld-java/0.13.4/jsonld-java-0.13.4.jar:/Users/justin/.m2/repository/commons-io/commons-io/2.8.0/commons-io-2.8.0.jar:/Users/justin/.m2/repository/org/apache/httpcomponents/httpclient-cache/4.5.13/httpclient-cache-4.5.13.jar:/Users/justin/.m2/repository/org/apache/httpcomponents/httpclient/4.5.13/httpclient-4.5.13.jar:/Users/justin/.m2/repository/org/apache/httpcomponents/httpcore/4.4.13/httpcore-4.4.13.jar:/Users/justin/.m2/repository/org/slf4j/jcl-over-slf4j/1.7.35/jcl-over-slf4j-1.7.35.jar:/Users/justin/.m2/repository/com/fasterxml/jackson/core/jackson-core/2.13.1/jackson-core-2.13.1.jar:/Users/justin/.m2/repository/com/fasterxml/jackson/core/jackson-databind/2.13.1/jackson-databind-2.13.1.jar:/Users/justin/.m2/repository/com/fasterxml/jackson/core/jackson-annotations/2.13.1/jackson-annotations-2.13.1.jar:/Users/justin/.m2/repository/com/apicatalog/titanium-json-ld/1.2.0/titanium-json-ld-1.2.0.jar:/Users/justin/.m2/repository/org/glassfish/jakarta.json/2.0.1/jakarta.json-2.0.1.jar:/Users/justin/.m2/repository/com/google/protobuf/protobuf-java/3.19.3/protobuf-java-3.19.3.jar:/Users/justin/.m2/repository/org/apache/thrift/libthrift/0.15.0/libthrift-0.15.0.jar:/Users/justin/.m2/repository/javax/annotation/javax.annotation-api/1.3.2/javax.annotation-api-1.3.2.jar:/Users/justin/.m2/repository/org/apache/jena/jena-shex/4.4.0/jena-shex-4.4.0.jar:/Users/justin/.m2/repository/org/apache/jena/jena-tdb/4.4.0/jena-tdb-4.4.0.jar:/Users/justin/.m2/repository/org/apache/jena/jena-tdb2/4.4.0/jena-tdb2-4.4.0.jar:/Users/justin/.m2/repository/org/apache/jena/jena-dboe-storage/4.4.0/jena-dboe-storage-4.4.0.jar:/Users/justin/.m2/repository/org/apache/jena/jena-dboe-trans-data/4.4.0/jena-dboe-trans-data-4.4.0.jar:/Users/justin/.m2/repository/org/apache/jena/jena-dboe-transaction/4.4.0/jena-dboe-transaction-4.4.0.jar:/Users/justin/.m2/repository/org/apache/jena/jena-dboe-base/4.4.0/jena-dboe-base-4.4.0.jar:/Users/justin/.m2/repository/org/apache/jena/jena-dboe-index/4.4.0/jena-dboe-index-4.4.0.jar:/Users/justin/.m2/repository/org/apache/jena/jena-rdfconnection/4.4.0/jena-rdfconnection-4.4.0.jar:/Users/justin/.m2/repository/org/slf4j/slf4j-log4j12/1.7.33/slf4j-log4j12-1.7.33.jar:/Users/justin/.m2/repository/log4j/log4j/1.2.17/log4j-1.2.17.jar:/Users/justin/.m2/repository/org/junit/jupiter/junit-jupiter/5.8.2/junit-jupiter-5.8.2.jar:/Users/justin/.m2/repository/org/junit/jupiter/junit-jupiter-params/5.8.2/junit-jupiter-params-5.8.2.jar:/Users/justin/.m2/repository/org/junit/jupiter/junit-jupiter-engine/5.8.2/junit-jupiter-engine-5.8.2.jar:/Users/justin/.m2/repository/org/junit/platform/junit-platform-engine/1.8.2/junit-platform-engine-1.8.2.jar:/Users/justin/.m2/repository/org/junit/jupiter/junit-jupiter-api/5.8.2/junit-jupiter-api-5.8.2.jar:/Users/justin/.m2/repository/org/opentest4j/opentest4j/1.2.0/opentest4j-1.2.0.jar:/Users/justin/.m2/repository/org/junit/platform/junit-platform-commons/1.8.2/junit-platform-commons-1.8.2.jar:/Users/justin/.m2/repository/org/apiguardian/apiguardian-api/1.1.2/apiguardian-api-1.1.2.jar:/Users/justin/.m2/repository/org/mockito/mockito-inline/4.3.1/mockito-inline-4.3.1.jar:/Users/justin/.m2/repository/org/mockito/mockito-core/4.3.1/mockito-core-4.3.1.jar:/Users/justin/.m2/repository/net/bytebuddy/byte-buddy/1.12.7/byte-buddy-1.12.7.jar:/Users/justin/.m2/repository/net/bytebuddy/byte-buddy-agent/1.12.7/byte-buddy-agent-1.12.7.jar:/Users/justin/.m2/repository/org/objenesis/objenesis/3.2/objenesis-3.2.jar:/Users/justin/.m2/repository/org/mockito/mockito-junit-jupiter/4.3.1/mockito-junit-jupiter-4.3.1.jar:/Users/justin/.m2/repository/com/janeirodigital/mockwebserverplus-ext/0.9.0-SNAPSHOT/mockwebserverplus-ext-0.9.0-SNAPSHOT.jar:/Users/justin/.m2/repository/com/squareup/okhttp3/mockwebserver/4.9.3/mockwebserver-4.9.3.jar:/Users/justin/.m2/repository/junit/junit/4.13/junit-4.13.jar:/Users/justin/.m2/repository/org/hamcrest/hamcrest-core/1.3/hamcrest-core-1.3.jar:/Users/justin/.m2/repository/org/jetbrains/kotlin/kotlin-stdlib-jdk8/1.4.10/kotlin-stdlib-jdk8-1.4.10.jar:/Users/justin/.m2/repository/org/jetbrains/kotlin/kotlin-stdlib-jdk7/1.4.10/kotlin-stdlib-jdk7-1.4.10.jar:/Users/justin/.m2/repository/org/yaml/snakeyaml/1.30/snakeyaml-1.30.jar:/Users/justin/.m2/repository/org/apache/commons/commons-text/1.9/commons-text-1.9.jar:/Users/justin/.m2/repository/org/apache/commons/commons-lang3/3.11/commons-lang3-3.11.jar:"/>
    <property name="sun.cpu.endian" value="little"/>
    <property name="user.home" value="/Users/justin"/>
    <property name="user.language" value="en"/>
    <property name="java.specification.vendor" value="Oracle Corporation"/>
    <property name="java.version.date" value="2021-01-19"/>
    <property name="java.home" value="/Library/Java/JavaVirtualMachines/amazon-corretto-11.jdk/Contents/Home"/>
    <property name="file.separator" value="/"/>
    <property name="basedir" value="/Users/justin/Development/interoperability/sai-http-utils-java"/>
    <property name="java.vm.compressedOopsMode" value="Zero based"/>
    <property name="line.separator" value="&#10;"/>
    <property name="java.specification.name" value="Java Platform API Specification"/>
    <property name="java.vm.specification.vendor" value="Oracle Corporation"/>
    <property name="java.awt.graphicsenv" value="sun.awt.CGraphicsEnvironment"/>
    <property name="surefire.real.class.path" value="/Users/justin/Development/interoperability/sai-http-utils-java/target/surefire/surefirebooter16868260210302165794.jar"/>
    <property name="sun.management.compiler" value="HotSpot 64-Bit Tiered Compilers"/>
    <property name="ftp.nonProxyHosts" value="local|*.local|169.254/16|*.169.254/16"/>
    <property name="java.runtime.version" value="11.0.10+9-LTS"/>
    <property name="user.name" value="justin"/>
    <property name="path.separator" value=":"/>
    <property name="os.version" value="10.16"/>
    <property name="java.runtime.name" value="OpenJDK Runtime Environment"/>
    <property name="file.encoding" value="UTF-8"/>
    <property name="java.vm.name" value="OpenJDK 64-Bit Server VM"/>
    <property name="java.vendor.version" value="Corretto-11.0.10.9.1"/>
    <property name="localRepository" value="/Users/justin/.m2/repository"/>
    <property name="java.vendor.url.bug" value="https://github.com/corretto/corretto-11/issues/"/>
    <property name="java.io.tmpdir" value="/var/folders/4r/3m_cwzjn353g1nt82_343v3c0000gn/T/"/>
    <property name="java.version" value="11.0.10"/>
    <property name="user.dir" value="/Users/justin/Development/interoperability/sai-http-utils-java"/>
    <property name="os.arch" value="x86_64"/>
    <property name="java.vm.specification.name" value="Java Virtual Machine Specification"/>
    <property name="java.awt.printerjob" value="sun.lwawt.macosx.CPrinterJob"/>
    <property name="sun.os.patch.level" value="unknown"/>
    <property name="java.library.path" value="/Users/justin/Library/Java/Extensions:/Library/Java/Extensions:/Network/Library/Java/Extensions:/System/Library/Java/Extensions:/usr/lib/java:."/>
    <property name="java.vm.info" value="mixed mode"/>
    <property name="java.vendor" value="Amazon.com Inc."/>
    <property name="java.vm.version" value="11.0.10+9-LTS"/>
    <property name="sun.io.unicode.encoding" value="UnicodeBig"/>
    <property name="java.class.version" value="55.0"/>
    <property name="socksNonProxyHosts" value="local|*.local|169.254/16|*.169.254/16"/>
  </properties>
  <testcase name="createHttpResource" classname="com.janeirodigital.sai.httputils.HttpUtilsTests" time="0.399"/>
  <testcase name="FailToGetResourceAndLog" classname="com.janeirodigital.sai.httputils.HttpUtilsTests" time="0.017"/>
  <testcase name="GetMissingHTTPResource" classname="com.janeirodigital.sai.httputils.HttpUtilsTests" time="0.009"/>
  <testcase name="convertUrlToBase" classname="com.janeirodigital.sai.httputils.HttpUtilsTests" time="0.007"/>
  <testcase name="updateRdfHttpResource" classname="com.janeirodigital.sai.httputils.HttpUtilsTests" time="1.154"/>
  <testcase name="failToGetRdfHttpResourceIO" classname="com.janeirodigital.sai.httputils.HttpUtilsTests" time="0.01"/>
  <testcase name="testAddChildToUrlPath" classname="com.janeirodigital.sai.httputils.HttpUtilsTests" time="0.003"/>
  <testcase name="FailToGetRequiredMissingHttpResource" classname="com.janeirodigital.sai.httputils.HttpUtilsTests" time="0.012"/>
  <testcase name="getRdfHttpResourceHeaders" classname="com.janeirodigital.sai.httputils.HttpUtilsTests" time="0.017"/>
  <testcase name="getHTTPResource" classname="com.janeirodigital.sai.httputils.HttpUtilsTests" time="0.006"/>
  <testcase name="deleteHttpResource" classname="com.janeirodigital.sai.httputils.HttpUtilsTests" time="0.006"/>
  <testcase name="failToConvertStringToUrl" classname="com.janeirodigital.sai.httputils.HttpUtilsTests" time="0.003"/>
  <testcase name="FailToGetHttpResourceNoContentType" classname="com.janeirodigital.sai.httputils.HttpUtilsTests" time="0.005"/>
  <testcase name="getRequiredHTTPResource" classname="com.janeirodigital.sai.httputils.HttpUtilsTests" time="0.006"/>
  <testcase name="updateHttpResource" classname="com.janeirodigital.sai.httputils.HttpUtilsTests" time="0.009"/>
  <testcase name="failToGetRdfHttpResourceNonRdfContentType" classname="com.janeirodigital.sai.httputils.HttpUtilsTests" time="0.006"/>
  <testcase name="createRdfContainerHttpResource" classname="com.janeirodigital.sai.httputils.HttpUtilsTests" time="0.016"/>
  <testcase name="failToConvertUrlToBase" classname="com.janeirodigital.sai.httputils.HttpUtilsTests" time="0.002"/>
  <testcase name="failToGetRdfHttpResourceBadContentType" classname="com.janeirodigital.sai.httputils.HttpUtilsTests" time="0.005"/>
  <testcase name="convertStringToUrl" classname="com.janeirodigital.sai.httputils.HttpUtilsTests" time="0.001"/>
  <testcase name="convertUrlToUri" classname="com.janeirodigital.sai.httputils.HttpUtilsTests" time="0.002"/>
  <testcase name="confirmManageLinkRelationHttpHeaders" classname="com.janeirodigital.sai.httputils.HttpUtilsTests" time="0.005"/>
  <testcase name="failToAddChildToUrlPath" classname="com.janeirodigital.sai.httputils.HttpUtilsTests" time="0.011"/>
  <testcase name="getRdfHttpResource" classname="com.janeirodigital.sai.httputils.HttpUtilsTests" time="0.011"/>
  <testcase name="failToConvertUriToUrl" classname="com.janeirodigital.sai.httputils.HttpUtilsTests" time="0.002"/>
  <testcase name="FailToDeleteHttpResourceIO" classname="com.janeirodigital.sai.httputils.HttpUtilsTests" time="0.01"/>
  <testcase name="FailToGetHttpResourceIO" classname="com.janeirodigital.sai.httputils.HttpUtilsTests" time="0.004"/>
  <testcase name="failToConvertUrlToUri" classname="com.janeirodigital.sai.httputils.HttpUtilsTests" time="0.002"/>
  <testcase name="failToUpdateHttpResourceIO" classname="com.janeirodigital.sai.httputils.HttpUtilsTests" time="0.005"/>
  <testcase name="confirmAddHttpHeader" classname="com.janeirodigital.sai.httputils.HttpUtilsTests" time="0.002"/>
  <testcase name="confirmSetHttpHeader" classname="com.janeirodigital.sai.httputils.HttpUtilsTests" time="0.002"/>
</testsuite>